<?xml version="1.0" encoding="UTF-8"?>
<!-- Generated by org.testng.reporters.JUnitReportReporter -->
<testsuite skipped="0" hostname="Soumyajit" name="com.crm.vTiger.testCases.CreateOrganizationTest" tests="2" failures="0" timestamp="2022-03-22T18:27:25 IST" time="0.005" errors="0">
  <testcase name="createOrganization" time="0.000" classname="com.crm.vTiger.testCases.CreateOrganizationTest"/>
  <system-out/>
  <testcase name="createContact" time="0.005" classname="com.crm.vTiger.testCases.CreateOrganizationTest"/>
  <system-out/>
</testsuite> <!-- com.crm.vTiger.testCases.CreateOrganizationTest -->
